<?xml version="1.0" encoding="UTF-8"?>
<!-- Generated by org.testng.reporters.JUnitReportReporter -->
<testsuite hostname="DESKTOP-7J7G5OJ" failures="0" tests="1" name="testCases.TC001_AccountRegistrationTest" time="2.281" errors="0" timestamp="2025-07-02T20:00:04 IST" skipped="0">
  <testcase classname="testCases.TC001_AccountRegistrationTest" name="verify_Registration" time="2.281"/>
</testsuite> <!-- testCases.TC001_AccountRegistrationTest -->
