<?xml version="1.0" encoding="UTF-8"?>
<!-- Generated by org.testng.reporters.JUnitReportReporter -->
<testsuite hostname="DESKTOP-7J7G5OJ" failures="0" tests="1" name="testCases.TC002_LoginTest" time="2.038" errors="0" timestamp="2025-07-02T20:00:04 IST" skipped="0">
  <testcase classname="testCases.TC002_LoginTest" name="verify_login" time="2.038"/>
</testsuite> <!-- testCases.TC002_LoginTest -->
