<?xml version="1.0" encoding="UTF-8"?>
<!-- Generated by org.testng.reporters.JUnitReportReporter -->
<testsuite hostname="DESKTOP-7J7G5OJ" failures="0" tests="1" name="testCases.TC002_LoginTest" time="1.904" errors="0" timestamp="2025-06-26T20:28:01 IST" skipped="0">
  <testcase classname="testCases.TC002_LoginTest" name="verify_login" time="1.904"/>
</testsuite> <!-- testCases.TC002_LoginTest -->
